<?xml version="1.0" encoding="UTF-8"?>
<!-- Generated by org.testng.reporters.JUnitXMLReporter -->
<testsuite ignored="0" hostname="DESKTOP-8MB2M8K" failures="0" tests="6" name="Default test" time="95.11" errors="0" timestamp="2024-09-27T20:17:21 EEST">
  <testcase classname="Tests.AddingTodayDealsWithCategories" name="testOpenTodayDeals" time="10.727"/>
  <testcase classname="Tests.AddingTodayDealsWithCategories" name="testSelectCategories" time="8.677"/>
  <testcase classname="Tests.AddingTodayDealsWithCategories" name="testSelectFourthPage" time="8.373"/>
  <testcase classname="Tests.AddingTodayDealsWithCategories" name="testSelectProduct" time="22.443"/>
  <testcase classname="Tests.AddingTodayDealsWithCategories" name="testAddItemToCart" time="21.656"/>
  <testcase classname="Tests.AddingTodayDealsWithCategories" name="testCheckItemAddedToCart" time="8.818"/>
</testsuite> <!-- Default test -->
