<?xml version="1.0" encoding="UTF-8"?>
<testng-results ignored="0" total="6" passed="6" failed="0" skipped="0">
  <reporter-output>
  </reporter-output>
  <suite started-at="2024-09-27T20:15:46 EEST" name="Default suite" finished-at="2024-09-27T20:17:21 EEST" duration-ms="95110">
    <groups>
    </groups>
    <test started-at="2024-09-27T20:15:46 EEST" name="Default test" finished-at="2024-09-27T20:17:21 EEST" duration-ms="95110">
      <class name="Tests.AddingTodayDealsWithCategories">
        <test-method is-config="true" signature="setup()[pri:0, instance:Tests.AddingTodayDealsWithCategories@2a5c8d3f]" started-at="2024-09-27T20:15:46 EEST" name="setup" finished-at="2024-09-27T20:15:58 EEST" duration-ms="12612" status="PASS">
          <reporter-output>
          </reporter-output>
        </test-method> <!-- setup -->
        <test-method signature="testOpenTodayDeals()[pri:0, instance:Tests.AddingTodayDealsWithCategories@2a5c8d3f]" started-at="2024-09-27T20:15:59 EEST" name="testOpenTodayDeals" finished-at="2024-09-27T20:16:09 EEST" duration-ms="10727" status="PASS">
          <reporter-output>
          </reporter-output>
        </test-method> <!-- testOpenTodayDeals -->
        <test-method signature="testSelectCategories()[pri:0, instance:Tests.AddingTodayDealsWithCategories@2a5c8d3f]" started-at="2024-09-27T20:16:09 EEST" name="testSelectCategories" finished-at="2024-09-27T20:16:18 EEST" depends-on-methods="Tests.AddingTodayDealsWithCategories.testOpenTodayDeals" duration-ms="8677" status="PASS">
          <reporter-output>
          </reporter-output>
        </test-method> <!-- testSelectCategories -->
        <test-method signature="testSelectFourthPage()[pri:0, instance:Tests.AddingTodayDealsWithCategories@2a5c8d3f]" started-at="2024-09-27T20:16:18 EEST" name="testSelectFourthPage" finished-at="2024-09-27T20:16:26 EEST" depends-on-methods="Tests.AddingTodayDealsWithCategories.testSelectCategories" duration-ms="8373" status="PASS">
          <reporter-output>
          </reporter-output>
        </test-method> <!-- testSelectFourthPage -->
        <test-method signature="testSelectProduct()[pri:0, instance:Tests.AddingTodayDealsWithCategories@2a5c8d3f]" started-at="2024-09-27T20:16:26 EEST" name="testSelectProduct" finished-at="2024-09-27T20:16:49 EEST" depends-on-methods="Tests.AddingTodayDealsWithCategories.testSelectFourthPage" duration-ms="22443" status="PASS">
          <reporter-output>
          </reporter-output>
        </test-method> <!-- testSelectProduct -->
        <test-method signature="testAddItemToCart()[pri:0, instance:Tests.AddingTodayDealsWithCategories@2a5c8d3f]" started-at="2024-09-27T20:16:49 EEST" name="testAddItemToCart" finished-at="2024-09-27T20:17:11 EEST" depends-on-methods="Tests.AddingTodayDealsWithCategories.testSelectProduct" duration-ms="21656" status="PASS">
          <reporter-output>
          </reporter-output>
        </test-method> <!-- testAddItemToCart -->
        <test-method signature="testCheckItemAddedToCart()[pri:0, instance:Tests.AddingTodayDealsWithCategories@2a5c8d3f]" started-at="2024-09-27T20:17:11 EEST" name="testCheckItemAddedToCart" finished-at="2024-09-27T20:17:19 EEST" depends-on-methods="Tests.AddingTodayDealsWithCategories.testAddItemToCart" duration-ms="8818" status="PASS">
          <reporter-output>
          </reporter-output>
        </test-method> <!-- testCheckItemAddedToCart -->
        <test-method is-config="true" signature="teardown()[pri:0, instance:Tests.AddingTodayDealsWithCategories@2a5c8d3f]" started-at="2024-09-27T20:17:19 EEST" name="teardown" finished-at="2024-09-27T20:17:21 EEST" duration-ms="1403" status="PASS">
          <reporter-output>
          </reporter-output>
        </test-method> <!-- teardown -->
      </class> <!-- Tests.AddingTodayDealsWithCategories -->
    </test> <!-- Default test -->
  </suite> <!-- Default suite -->
</testng-results>
